D:\suli\tugas-akhir-gaminganywhere\gaminganywhere\ga\vs2010\Debug\adaptive-stream.lib
D:\suli\tugas-akhir-gaminganywhere\gaminganywhere\ga\vs2010\Debug\adaptive-stream.exp
D:\SULI\TUGAS-AKHIR-GAMINGANYWHERE\GAMINGANYWHERE\GA\VS2010\ADAPTIVE-STREAM\DEBUG\VC110.PDB
D:\SULI\TUGAS-AKHIR-GAMINGANYWHERE\GAMINGANYWHERE\GA\VS2010\ADAPTIVE-STREAM\DEBUG\ADAPTIVE-STREAM.OBJ
D:\SULI\TUGAS-AKHIR-GAMINGANYWHERE\GAMINGANYWHERE\GA\VS2010\DEBUG\MOD\ADAPTIVE-STREAM.ILK
D:\SULI\TUGAS-AKHIR-GAMINGANYWHERE\GAMINGANYWHERE\GA\VS2010\DEBUG\MOD\ADAPTIVE-STREAM.DLL
D:\SULI\TUGAS-AKHIR-GAMINGANYWHERE\GAMINGANYWHERE\GA\VS2010\DEBUG\ADAPTIVE-STREAM.PDB
D:\suli\tugas-akhir-gaminganywhere\gaminganywhere\ga\vs2010\adaptive-stream\Debug\adaptive-stream.obj
D:\suli\tugas-akhir-gaminganywhere\gaminganywhere\ga\vs2010\adaptive-stream\Debug\adaptive-stream.write.1.tlog
D:\suli\tugas-akhir-gaminganywhere\gaminganywhere\ga\vs2010\adaptive-stream\Debug\cl.command.1.tlog
D:\suli\tugas-akhir-gaminganywhere\gaminganywhere\ga\vs2010\adaptive-stream\Debug\CL.read.1.tlog
D:\suli\tugas-akhir-gaminganywhere\gaminganywhere\ga\vs2010\adaptive-stream\Debug\CL.write.1.tlog
D:\suli\tugas-akhir-gaminganywhere\gaminganywhere\ga\vs2010\adaptive-stream\Debug\link-cvtres.read.1.tlog
D:\suli\tugas-akhir-gaminganywhere\gaminganywhere\ga\vs2010\adaptive-stream\Debug\link-cvtres.write.1.tlog
D:\suli\tugas-akhir-gaminganywhere\gaminganywhere\ga\vs2010\adaptive-stream\Debug\link-rc.read.1.tlog
D:\suli\tugas-akhir-gaminganywhere\gaminganywhere\ga\vs2010\adaptive-stream\Debug\link-rc.write.1.tlog
D:\suli\tugas-akhir-gaminganywhere\gaminganywhere\ga\vs2010\adaptive-stream\Debug\link.command.1.tlog
D:\suli\tugas-akhir-gaminganywhere\gaminganywhere\ga\vs2010\adaptive-stream\Debug\link.read.1.tlog
D:\suli\tugas-akhir-gaminganywhere\gaminganywhere\ga\vs2010\adaptive-stream\Debug\link.write.1.tlog
D:\suli\tugas-akhir-gaminganywhere\gaminganywhere\ga\vs2010\adaptive-stream\Debug\vc110.idb
D:\suli\tugas-akhir-gaminganywhere\gaminganywhere\ga\vs2010\adaptive-stream\Debug\vc110.pdb
D:\suli\tugas-akhir-gaminganywhere\gaminganywhere\ga\vs2010\Debug\adaptive-stream.pdb
